app/build/intermediates/manifest_merge_blame_file/debug/manifest-merger-blame-debug-report.txt
1<?xml version="1.0" encoding="utf-8"?>
2<manifest xmlns:android="http://schemas.android.com/apk/res/android"
3    package="com.tennine.app"
4    android:versionCode="1"
5    android:versionName="1.0" >
6
7    <uses-sdk
8        android:minSdkVersion="21"
8-->src\main\AndroidManifest.xml
9        android:targetSdkVersion="31" />
9-->src\main\AndroidManifest.xml
10
11    <uses-permission android:name="android.permission.INTERNET" />
11-->src\main\AndroidManifest.xml:5:5-67
11-->src\main\AndroidManifest.xml:5:22-64
12    <uses-permission android:name="android.permission.ACCESS_NETWORK_STATE" />
12-->src\main\AndroidManifest.xml:6:5-79
12-->src\main\AndroidManifest.xml:6:22-76
13    <uses-permission android:name="android.permission.READ_EXTERNAL_STORAGE" />
13-->src\main\AndroidManifest.xml:7:5-80
13-->src\main\AndroidManifest.xml:7:22-77
14    <uses-permission android:name="android.permission.WRITE_EXTERNAL_STORAGE" />
14-->src\main\AndroidManifest.xml:8:5-81
14-->src\main\AndroidManifest.xml:8:22-78
15    <uses-permission android:name="android.permission.ACCESS_COARSE_LOCATION" />
15-->src\main\AndroidManifest.xml:9:5-81
15-->src\main\AndroidManifest.xml:9:22-78
16    <uses-permission android:name="android.permission.ACCESS_FINE_LOCATION" />
16-->src\main\AndroidManifest.xml:10:5-79
16-->src\main\AndroidManifest.xml:10:22-76
17    <uses-permission android:name="android.permission.WAKE_LOCK" /> <!-- Required by older versions of Google Play services to create IID tokens -->
17-->[com.google.firebase:firebase-messaging:23.0.0] AndroidManifest.xml:23:5-68
17-->[com.google.firebase:firebase-messaging:23.0.0] AndroidManifest.xml:23:22-65
18    <uses-permission android:name="com.google.android.c2dm.permission.RECEIVE" />
18-->[com.google.firebase:firebase-messaging:23.0.0] AndroidManifest.xml:25:5-82
18-->[com.google.firebase:firebase-messaging:23.0.0] AndroidManifest.xml:25:22-79
19
20    <application
20-->src\main\AndroidManifest.xml:12:5-121:19
21        android:allowBackup="false"
21-->src\main\AndroidManifest.xml:13:9-36
22        android:appComponentFactory="androidx.core.app.CoreComponentFactory"
22-->[androidx.core:core:1.7.0] AndroidManifest.xml:24:18-86
23        android:debuggable="true"
24        android:icon="@drawable/logo"
24-->src\main\AndroidManifest.xml:14:9-38
25        android:label="@string/app_name"
25-->src\main\AndroidManifest.xml:15:9-41
26        android:roundIcon="@drawable/logo"
26-->src\main\AndroidManifest.xml:16:9-43
27        android:supportsRtl="true"
27-->src\main\AndroidManifest.xml:17:9-35
28        android:theme="@style/Theme.Tennine" >
28-->src\main\AndroidManifest.xml:18:9-45
29        <activity
29-->src\main\AndroidManifest.xml:19:9-21:40
30            android:name="com.tennine.app.activity.ui.SettingActivity"
30-->src\main\AndroidManifest.xml:20:13-56
31            android:exported="false" />
31-->src\main\AndroidManifest.xml:21:13-37
32        <activity
32-->src\main\AndroidManifest.xml:22:9-24:40
33            android:name="com.tennine.app.activity.ui.NotificationActivity"
33-->src\main\AndroidManifest.xml:23:13-61
34            android:exported="false" />
34-->src\main\AndroidManifest.xml:24:13-37
35        <activity
35-->src\main\AndroidManifest.xml:25:9-27:40
36            android:name="com.tennine.app.activity.ui.FeedViewActivity"
36-->src\main\AndroidManifest.xml:26:13-57
37            android:exported="false" />
37-->src\main\AndroidManifest.xml:27:13-37
38        <activity
38-->src\main\AndroidManifest.xml:28:9-31:58
39            android:name="com.tennine.app.activity.ui.CommentsActivity"
39-->src\main\AndroidManifest.xml:29:13-57
40            android:exported="false"
40-->src\main\AndroidManifest.xml:30:13-37
41            android:windowSoftInputMode="adjustResize" />
41-->src\main\AndroidManifest.xml:31:13-55
42        <activity
42-->src\main\AndroidManifest.xml:32:9-34:40
43            android:name="com.tennine.app.activity.ui.FriendsFollowFollowingActivity"
43-->src\main\AndroidManifest.xml:33:13-71
44            android:exported="false" />
44-->src\main\AndroidManifest.xml:34:13-37
45        <activity
45-->src\main\AndroidManifest.xml:35:9-37:40
46            android:name="com.tennine.app.activity.ui.FriendProfile"
46-->src\main\AndroidManifest.xml:36:13-54
47            android:exported="false" />
47-->src\main\AndroidManifest.xml:37:13-37
48        <activity
48-->src\main\AndroidManifest.xml:38:9-40:40
49            android:name="com.tennine.app.activity.ui.EditProfile"
49-->src\main\AndroidManifest.xml:39:13-52
50            android:exported="false" />
50-->src\main\AndroidManifest.xml:40:13-37
51        <activity
51-->src\main\AndroidManifest.xml:41:9-43:40
52            android:name="com.tennine.app.activity.ui.PostActivity"
52-->src\main\AndroidManifest.xml:42:13-53
53            android:exported="false" />
53-->src\main\AndroidManifest.xml:43:13-37
54        <activity
54-->src\main\AndroidManifest.xml:44:9-47:49
55            android:name="com.tennine.app.activity.ui.ReelsActivity"
55-->src\main\AndroidManifest.xml:45:13-54
56            android:exported="false"
56-->src\main\AndroidManifest.xml:46:13-37
57            android:theme="@style/fullscreen" />
57-->src\main\AndroidManifest.xml:47:13-46
58        <activity
58-->src\main\AndroidManifest.xml:48:9-50:39
59            android:name="com.tennine.app.activity.ui.FriendsActivity"
59-->src\main\AndroidManifest.xml:49:13-56
60            android:exported="true" />
60-->src\main\AndroidManifest.xml:50:13-36
61        <activity
61-->src\main\AndroidManifest.xml:51:9-53:40
62            android:name="com.tennine.app.activity.ui.FollowingFollowersActivity"
62-->src\main\AndroidManifest.xml:52:13-67
63            android:exported="false" />
63-->src\main\AndroidManifest.xml:53:13-37
64        <activity
64-->src\main\AndroidManifest.xml:54:9-56:39
65            android:name="com.tennine.app.activity.ui.UserProfile"
65-->src\main\AndroidManifest.xml:55:13-52
66            android:exported="true" />
66-->src\main\AndroidManifest.xml:56:13-36
67        <activity
67-->src\main\AndroidManifest.xml:57:9-59:40
68            android:name="com.tennine.app.activity.ui.Congratulations"
68-->src\main\AndroidManifest.xml:58:13-56
69            android:exported="false" />
69-->src\main\AndroidManifest.xml:59:13-37
70        <activity
70-->src\main\AndroidManifest.xml:60:9-62:40
71            android:name="com.tennine.app.activity.ui.OtpPhone"
71-->src\main\AndroidManifest.xml:61:13-49
72            android:exported="false" />
72-->src\main\AndroidManifest.xml:62:13-37
73        <activity
73-->src\main\AndroidManifest.xml:63:9-71:20
74            android:name="com.tennine.app.activity.ui.splashscreen1"
74-->src\main\AndroidManifest.xml:64:13-54
75            android:exported="true" >
75-->src\main\AndroidManifest.xml:65:13-36
76            <intent-filter>
76-->src\main\AndroidManifest.xml:66:13-70:29
77                <action android:name="android.intent.action.MAIN" />
77-->src\main\AndroidManifest.xml:67:17-69
77-->src\main\AndroidManifest.xml:67:25-66
78
79                <category android:name="android.intent.category.LAUNCHER" />
79-->src\main\AndroidManifest.xml:69:17-77
79-->src\main\AndroidManifest.xml:69:27-74
80            </intent-filter>
81        </activity>
82        <activity
82-->src\main\AndroidManifest.xml:72:9-74:40
83            android:name="com.tennine.app.activity.ui.Register"
83-->src\main\AndroidManifest.xml:73:13-49
84            android:exported="false" />
84-->src\main\AndroidManifest.xml:74:13-37
85        <activity
85-->src\main\AndroidManifest.xml:75:9-77:40
86            android:name="com.tennine.app.activity.ui.PasswordUpdated"
86-->src\main\AndroidManifest.xml:76:13-56
87            android:exported="false" />
87-->src\main\AndroidManifest.xml:77:13-37
88        <activity
88-->src\main\AndroidManifest.xml:78:9-80:40
89            android:name="com.tennine.app.activity.ui.Newcredentials"
89-->src\main\AndroidManifest.xml:79:13-55
90            android:exported="false" />
90-->src\main\AndroidManifest.xml:80:13-37
91        <activity
91-->src\main\AndroidManifest.xml:81:9-83:40
92            android:name="com.tennine.app.activity.ui.MakeSelection"
92-->src\main\AndroidManifest.xml:82:13-54
93            android:exported="false" />
93-->src\main\AndroidManifest.xml:83:13-37
94        <activity
94-->src\main\AndroidManifest.xml:84:9-86:40
95            android:name="com.tennine.app.activity.ui.Login"
95-->src\main\AndroidManifest.xml:85:13-46
96            android:exported="false" />
96-->src\main\AndroidManifest.xml:86:13-37
97        <activity
97-->src\main\AndroidManifest.xml:87:9-89:40
98            android:name="com.tennine.app.activity.ui.Loginwithnumberinsted"
98-->src\main\AndroidManifest.xml:88:13-62
99            android:exported="false" />
99-->src\main\AndroidManifest.xml:89:13-37
100        <activity
100-->src\main\AndroidManifest.xml:90:9-93:58
101            android:name="com.tennine.app.activity.ui.SetaPasswordphone"
101-->src\main\AndroidManifest.xml:91:13-58
102            android:exported="false"
102-->src\main\AndroidManifest.xml:92:13-37
103            android:windowSoftInputMode="adjustResize" />
103-->src\main\AndroidManifest.xml:93:13-55
104        <activity
104-->src\main\AndroidManifest.xml:94:9-96:40
105            android:name="com.tennine.app.activity.ui.OtpVerification"
105-->src\main\AndroidManifest.xml:95:13-56
106            android:exported="false" />
106-->src\main\AndroidManifest.xml:96:13-37
107        <activity android:name="com.tennine.app.activity.ui.Googlefacebookphone" />
107-->src\main\AndroidManifest.xml:97:9-69
107-->src\main\AndroidManifest.xml:97:19-66
108        <activity android:name="com.tennine.app.activity.ui.SignUpLogin" />
108-->src\main\AndroidManifest.xml:98:9-61
108-->src\main\AndroidManifest.xml:98:19-58
109        <activity android:name="com.tennine.app.activity.ui.MainActivity" />
109-->src\main\AndroidManifest.xml:99:9-62
109-->src\main\AndroidManifest.xml:99:19-59
110        <activity
110-->src\main\AndroidManifest.xml:100:9-102:48
111            android:name="com.theartofdev.edmodo.cropper.CropImageActivity"
111-->src\main\AndroidManifest.xml:101:13-76
112            android:theme="@style/CropTheme" />
112-->src\main\AndroidManifest.xml:102:13-45
113
114        <provider
114-->src\main\AndroidManifest.xml:104:9-112:20
115            android:name="androidx.core.content.FileProvider"
115-->src\main\AndroidManifest.xml:105:13-62
116            android:authorities="com.tennine.app/com.theartofdev.edmodo.cropper.fileprovider"
116-->src\main\AndroidManifest.xml:106:13-94
117            android:exported="false"
117-->src\main\AndroidManifest.xml:107:13-37
118            android:grantUriPermissions="true" >
118-->src\main\AndroidManifest.xml:108:13-47
119            <meta-data
119-->src\main\AndroidManifest.xml:109:13-111:58
120                android:name="android.support.FILE_PROVIDER_PATHS"
120-->src\main\AndroidManifest.xml:110:17-67
121                android:resource="@xml/provider_paths" />
121-->src\main\AndroidManifest.xml:111:17-55
122        </provider>
123
124        <service
124-->src\main\AndroidManifest.xml:114:9-120:19
125            android:name="com.tennine.app.firebase.MessagingService"
125-->src\main\AndroidManifest.xml:115:13-54
126            android:exported="true" >
126-->src\main\AndroidManifest.xml:116:13-36
127            <intent-filter>
127-->src\main\AndroidManifest.xml:117:13-119:29
128                <action android:name="com.google.firebase.INSTANCE_ID_EVENT" />
128-->src\main\AndroidManifest.xml:118:17-79
128-->src\main\AndroidManifest.xml:118:25-77
129            </intent-filter>
130        </service>
131
132        <activity
132-->[com.karumi:dexter:6.2.3] AndroidManifest.xml:27:9-29:72
133            android:name="com.karumi.dexter.DexterActivity"
133-->[com.karumi:dexter:6.2.3] AndroidManifest.xml:28:13-60
134            android:theme="@style/Dexter.Internal.Theme.Transparent" />
134-->[com.karumi:dexter:6.2.3] AndroidManifest.xml:29:13-69
135        <activity
135-->[com.google.firebase:firebase-auth:21.0.1] AndroidManifest.xml:27:9-44:20
136            android:name="com.google.firebase.auth.internal.GenericIdpActivity"
136-->[com.google.firebase:firebase-auth:21.0.1] AndroidManifest.xml:28:13-80
137            android:excludeFromRecents="true"
137-->[com.google.firebase:firebase-auth:21.0.1] AndroidManifest.xml:29:13-46
138            android:exported="true"
138-->[com.google.firebase:firebase-auth:21.0.1] AndroidManifest.xml:30:13-36
139            android:launchMode="singleTask"
139-->[com.google.firebase:firebase-auth:21.0.1] AndroidManifest.xml:31:13-44
140            android:theme="@android:style/Theme.Translucent.NoTitleBar" >
140-->[com.google.firebase:firebase-auth:21.0.1] AndroidManifest.xml:32:13-72
141            <intent-filter>
141-->[com.google.firebase:firebase-auth:21.0.1] AndroidManifest.xml:33:13-43:29
142                <action android:name="android.intent.action.VIEW" />
142-->[com.google.firebase:firebase-auth:21.0.1] AndroidManifest.xml:34:17-69
142-->[com.google.firebase:firebase-auth:21.0.1] AndroidManifest.xml:34:25-66
143
144                <category android:name="android.intent.category.DEFAULT" />
144-->[com.google.firebase:firebase-auth:21.0.1] AndroidManifest.xml:36:17-76
144-->[com.google.firebase:firebase-auth:21.0.1] AndroidManifest.xml:36:27-73
145                <category android:name="android.intent.category.BROWSABLE" />
145-->[com.google.firebase:firebase-auth:21.0.1] AndroidManifest.xml:37:17-78
145-->[com.google.firebase:firebase-auth:21.0.1] AndroidManifest.xml:37:27-75
146
147                <data
147-->[com.google.firebase:firebase-auth:21.0.1] AndroidManifest.xml:39:17-42:51
148                    android:host="firebase.auth"
148-->[com.google.firebase:firebase-auth:21.0.1] AndroidManifest.xml:40:21-49
149                    android:path="/"
149-->[com.google.firebase:firebase-auth:21.0.1] AndroidManifest.xml:41:21-37
150                    android:scheme="genericidp" />
150-->[com.google.firebase:firebase-auth:21.0.1] AndroidManifest.xml:42:21-48
151            </intent-filter>
152        </activity>
153        <activity
153-->[com.google.firebase:firebase-auth:21.0.1] AndroidManifest.xml:45:9-62:20
154            android:name="com.google.firebase.auth.internal.RecaptchaActivity"
154-->[com.google.firebase:firebase-auth:21.0.1] AndroidManifest.xml:46:13-79
155            android:excludeFromRecents="true"
155-->[com.google.firebase:firebase-auth:21.0.1] AndroidManifest.xml:47:13-46
156            android:exported="true"
156-->[com.google.firebase:firebase-auth:21.0.1] AndroidManifest.xml:48:13-36
157            android:launchMode="singleTask"
157-->[com.google.firebase:firebase-auth:21.0.1] AndroidManifest.xml:49:13-44
158            android:theme="@android:style/Theme.Translucent.NoTitleBar" >
158-->[com.google.firebase:firebase-auth:21.0.1] AndroidManifest.xml:50:13-72
159            <intent-filter>
159-->[com.google.firebase:firebase-auth:21.0.1] AndroidManifest.xml:51:13-61:29
160                <action android:name="android.intent.action.VIEW" />
160-->[com.google.firebase:firebase-auth:21.0.1] AndroidManifest.xml:34:17-69
160-->[com.google.firebase:firebase-auth:21.0.1] AndroidManifest.xml:34:25-66
161
162                <category android:name="android.intent.category.DEFAULT" />
162-->[com.google.firebase:firebase-auth:21.0.1] AndroidManifest.xml:36:17-76
162-->[com.google.firebase:firebase-auth:21.0.1] AndroidManifest.xml:36:27-73
163                <category android:name="android.intent.category.BROWSABLE" />
163-->[com.google.firebase:firebase-auth:21.0.1] AndroidManifest.xml:37:17-78
163-->[com.google.firebase:firebase-auth:21.0.1] AndroidManifest.xml:37:27-75
164
165                <data
165-->[com.google.firebase:firebase-auth:21.0.1] AndroidManifest.xml:39:17-42:51
166                    android:host="firebase.auth"
166-->[com.google.firebase:firebase-auth:21.0.1] AndroidManifest.xml:40:21-49
167                    android:path="/"
167-->[com.google.firebase:firebase-auth:21.0.1] AndroidManifest.xml:41:21-37
168                    android:scheme="recaptcha" />
168-->[com.google.firebase:firebase-auth:21.0.1] AndroidManifest.xml:42:21-48
169            </intent-filter>
170        </activity>
171
172        <service
172-->[com.google.firebase:firebase-auth:21.0.1] AndroidManifest.xml:64:9-73:19
173            android:name="com.google.firebase.auth.api.fallback.service.FirebaseAuthFallbackService"
173-->[com.google.firebase:firebase-auth:21.0.1] AndroidManifest.xml:65:13-101
174            android:enabled="true"
174-->[com.google.firebase:firebase-auth:21.0.1] AndroidManifest.xml:66:13-35
175            android:exported="false" >
175-->[com.google.firebase:firebase-auth:21.0.1] AndroidManifest.xml:67:13-37
176            <intent-filter>
176-->[com.google.firebase:firebase-auth:21.0.1] AndroidManifest.xml:68:13-72:29
177                <action android:name="com.google.firebase.auth.api.gms.service.START" />
177-->[com.google.firebase:firebase-auth:21.0.1] AndroidManifest.xml:69:17-89
177-->[com.google.firebase:firebase-auth:21.0.1] AndroidManifest.xml:69:25-86
178
179                <category android:name="android.intent.category.DEFAULT" />
179-->[com.google.firebase:firebase-auth:21.0.1] AndroidManifest.xml:36:17-76
179-->[com.google.firebase:firebase-auth:21.0.1] AndroidManifest.xml:36:27-73
180            </intent-filter>
181        </service>
182        <service
182-->[com.google.firebase:firebase-auth:21.0.1] AndroidManifest.xml:74:9-80:19
183            android:name="com.google.firebase.components.ComponentDiscoveryService"
183-->[com.google.firebase:firebase-auth:21.0.1] AndroidManifest.xml:75:13-84
184            android:directBootAware="true"
184-->[com.google.firebase:firebase-common:20.0.0] AndroidManifest.xml:35:13-43
185            android:exported="false" >
185-->[com.google.firebase:firebase-auth:21.0.1] AndroidManifest.xml:76:13-37
186            <meta-data
186-->[com.google.firebase:firebase-auth:21.0.1] AndroidManifest.xml:77:13-79:85
187                android:name="com.google.firebase.components:com.google.firebase.auth.FirebaseAuthRegistrar"
187-->[com.google.firebase:firebase-auth:21.0.1] AndroidManifest.xml:78:17-109
188                android:value="com.google.firebase.components.ComponentRegistrar" />
188-->[com.google.firebase:firebase-auth:21.0.1] AndroidManifest.xml:79:17-82
189            <meta-data
189-->[com.google.firebase:firebase-messaging:23.0.0] AndroidManifest.xml:52:13-54:85
190                android:name="com.google.firebase.components:com.google.firebase.messaging.FirebaseMessagingRegistrar"
190-->[com.google.firebase:firebase-messaging:23.0.0] AndroidManifest.xml:53:17-119
191                android:value="com.google.firebase.components.ComponentRegistrar" />
191-->[com.google.firebase:firebase-messaging:23.0.0] AndroidManifest.xml:54:17-82
192            <meta-data
192-->[com.google.firebase:firebase-firestore:24.0.1] AndroidManifest.xml:20:13-22:85
193                android:name="com.google.firebase.components:com.google.firebase.firestore.FirestoreRegistrar"
193-->[com.google.firebase:firebase-firestore:24.0.1] AndroidManifest.xml:21:17-111
194                android:value="com.google.firebase.components.ComponentRegistrar" />
194-->[com.google.firebase:firebase-firestore:24.0.1] AndroidManifest.xml:22:17-82
195            <meta-data
195-->[com.google.firebase:firebase-storage:19.1.1] AndroidManifest.xml:33:13-35:85
196                android:name="com.google.firebase.components:com.google.firebase.storage.StorageRegistrar"
196-->[com.google.firebase:firebase-storage:19.1.1] AndroidManifest.xml:34:17-107
197                android:value="com.google.firebase.components.ComponentRegistrar" />
197-->[com.google.firebase:firebase-storage:19.1.1] AndroidManifest.xml:35:17-82
198            <meta-data
198-->[com.google.firebase:firebase-datatransport:18.0.0] AndroidManifest.xml:28:13-30:85
199                android:name="com.google.firebase.components:com.google.firebase.datatransport.TransportRegistrar"
199-->[com.google.firebase:firebase-datatransport:18.0.0] AndroidManifest.xml:29:17-115
200                android:value="com.google.firebase.components.ComponentRegistrar" />
200-->[com.google.firebase:firebase-datatransport:18.0.0] AndroidManifest.xml:30:17-82
201            <meta-data
201-->[com.google.firebase:firebase-installations:17.0.0] AndroidManifest.xml:18:13-20:85
202                android:name="com.google.firebase.components:com.google.firebase.installations.FirebaseInstallationsRegistrar"
202-->[com.google.firebase:firebase-installations:17.0.0] AndroidManifest.xml:19:17-127
203                android:value="com.google.firebase.components.ComponentRegistrar" />
203-->[com.google.firebase:firebase-installations:17.0.0] AndroidManifest.xml:20:17-82
204        </service>
205
206        <receiver
206-->[com.google.firebase:firebase-messaging:23.0.0] AndroidManifest.xml:28:9-35:20
207            android:name="com.google.firebase.iid.FirebaseInstanceIdReceiver"
207-->[com.google.firebase:firebase-messaging:23.0.0] AndroidManifest.xml:29:13-78
208            android:exported="true"
208-->[com.google.firebase:firebase-messaging:23.0.0] AndroidManifest.xml:30:13-36
209            android:permission="com.google.android.c2dm.permission.SEND" >
209-->[com.google.firebase:firebase-messaging:23.0.0] AndroidManifest.xml:31:13-73
210            <intent-filter>
210-->[com.google.firebase:firebase-messaging:23.0.0] AndroidManifest.xml:32:13-34:29
211                <action android:name="com.google.android.c2dm.intent.RECEIVE" />
211-->[com.google.firebase:firebase-messaging:23.0.0] AndroidManifest.xml:33:17-81
211-->[com.google.firebase:firebase-messaging:23.0.0] AndroidManifest.xml:33:25-78
212            </intent-filter>
213        </receiver>
214        <!--
215             FirebaseMessagingService performs security checks at runtime,
216             but set to not exported to explicitly avoid allowing another app to call it.
217        -->
218        <service
218-->[com.google.firebase:firebase-messaging:23.0.0] AndroidManifest.xml:41:9-48:19
219            android:name="com.google.firebase.messaging.FirebaseMessagingService"
219-->[com.google.firebase:firebase-messaging:23.0.0] AndroidManifest.xml:42:13-82
220            android:directBootAware="true"
220-->[com.google.firebase:firebase-messaging:23.0.0] AndroidManifest.xml:43:13-43
221            android:exported="false" >
221-->[com.google.firebase:firebase-messaging:23.0.0] AndroidManifest.xml:44:13-37
222            <intent-filter android:priority="-500" >
222-->[com.google.firebase:firebase-messaging:23.0.0] AndroidManifest.xml:45:13-47:29
222-->[com.google.firebase:firebase-messaging:23.0.0] AndroidManifest.xml:45:28-51
223                <action android:name="com.google.firebase.MESSAGING_EVENT" />
223-->[com.google.firebase:firebase-messaging:23.0.0] AndroidManifest.xml:46:17-78
223-->[com.google.firebase:firebase-messaging:23.0.0] AndroidManifest.xml:46:25-75
224            </intent-filter>
225        </service>
226
227        <activity
227-->[com.google.android.gms:play-services-auth:20.1.0] AndroidManifest.xml:23:9-27:75
228            android:name="com.google.android.gms.auth.api.signin.internal.SignInHubActivity"
228-->[com.google.android.gms:play-services-auth:20.1.0] AndroidManifest.xml:24:13-93
229            android:excludeFromRecents="true"
229-->[com.google.android.gms:play-services-auth:20.1.0] AndroidManifest.xml:25:13-46
230            android:exported="false"
230-->[com.google.android.gms:play-services-auth:20.1.0] AndroidManifest.xml:26:13-37
231            android:theme="@android:style/Theme.Translucent.NoTitleBar" />
231-->[com.google.android.gms:play-services-auth:20.1.0] AndroidManifest.xml:27:13-72
232        <!--
233            Service handling Google Sign-In user revocation. For apps that do not integrate with
234            Google Sign-In, this service will never be started.
235        -->
236        <service
236-->[com.google.android.gms:play-services-auth:20.1.0] AndroidManifest.xml:33:9-37:51
237            android:name="com.google.android.gms.auth.api.signin.RevocationBoundService"
237-->[com.google.android.gms:play-services-auth:20.1.0] AndroidManifest.xml:34:13-89
238            android:exported="true"
238-->[com.google.android.gms:play-services-auth:20.1.0] AndroidManifest.xml:35:13-36
239            android:permission="com.google.android.gms.auth.api.signin.permission.REVOCATION_NOTIFICATION"
239-->[com.google.android.gms:play-services-auth:20.1.0] AndroidManifest.xml:36:13-107
240            android:visibleToInstantApps="true" />
240-->[com.google.android.gms:play-services-auth:20.1.0] AndroidManifest.xml:37:13-48
241
242        <activity
242-->[com.google.android.gms:play-services-base:18.0.1] AndroidManifest.xml:20:9-22:45
243            android:name="com.google.android.gms.common.api.GoogleApiActivity"
243-->[com.google.android.gms:play-services-base:18.0.1] AndroidManifest.xml:20:19-85
244            android:exported="false"
244-->[com.google.android.gms:play-services-base:18.0.1] AndroidManifest.xml:22:19-43
245            android:theme="@android:style/Theme.Translucent.NoTitleBar" />
245-->[com.google.android.gms:play-services-base:18.0.1] AndroidManifest.xml:21:19-78
246
247        <provider
247-->[com.google.firebase:firebase-common:20.0.0] AndroidManifest.xml:26:9-31:39
248            android:name="com.google.firebase.provider.FirebaseInitProvider"
248-->[com.google.firebase:firebase-common:20.0.0] AndroidManifest.xml:27:13-77
249            android:authorities="com.tennine.app.firebaseinitprovider"
249-->[com.google.firebase:firebase-common:20.0.0] AndroidManifest.xml:28:13-72
250            android:directBootAware="true"
250-->[com.google.firebase:firebase-common:20.0.0] AndroidManifest.xml:29:13-43
251            android:exported="false"
251-->[com.google.firebase:firebase-common:20.0.0] AndroidManifest.xml:30:13-37
252            android:initOrder="100" />
252-->[com.google.firebase:firebase-common:20.0.0] AndroidManifest.xml:31:13-36
253
254        <meta-data
254-->[com.google.android.gms:play-services-basement:18.0.0] AndroidManifest.xml:21:9-23:69
255            android:name="com.google.android.gms.version"
255-->[com.google.android.gms:play-services-basement:18.0.0] AndroidManifest.xml:22:13-58
256            android:value="@integer/google_play_services_version" />
256-->[com.google.android.gms:play-services-basement:18.0.0] AndroidManifest.xml:23:13-66
257
258        <provider
258-->[androidx.emoji2:emoji2:1.0.0] AndroidManifest.xml:26:9-34:20
259            android:name="androidx.startup.InitializationProvider"
259-->[androidx.emoji2:emoji2:1.0.0] AndroidManifest.xml:27:13-67
260            android:authorities="com.tennine.app.androidx-startup"
260-->[androidx.emoji2:emoji2:1.0.0] AndroidManifest.xml:28:13-68
261            android:exported="false" >
261-->[androidx.emoji2:emoji2:1.0.0] AndroidManifest.xml:29:13-37
262            <meta-data
262-->[androidx.emoji2:emoji2:1.0.0] AndroidManifest.xml:31:13-33:52
263                android:name="androidx.emoji2.text.EmojiCompatInitializer"
263-->[androidx.emoji2:emoji2:1.0.0] AndroidManifest.xml:32:17-75
264                android:value="androidx.startup" />
264-->[androidx.emoji2:emoji2:1.0.0] AndroidManifest.xml:33:17-49
265            <meta-data
265-->[androidx.lifecycle:lifecycle-process:2.4.0] AndroidManifest.xml:31:13-33:52
266                android:name="androidx.lifecycle.ProcessLifecycleInitializer"
266-->[androidx.lifecycle:lifecycle-process:2.4.0] AndroidManifest.xml:32:17-78
267                android:value="androidx.startup" />
267-->[androidx.lifecycle:lifecycle-process:2.4.0] AndroidManifest.xml:33:17-49
268        </provider>
269
270        <service
270-->[com.google.android.datatransport:transport-backend-cct:3.0.0] AndroidManifest.xml:29:9-35:19
271            android:name="com.google.android.datatransport.runtime.backends.TransportBackendDiscovery"
271-->[com.google.android.datatransport:transport-backend-cct:3.0.0] AndroidManifest.xml:30:13-103
272            android:exported="false" >
272-->[com.google.android.datatransport:transport-backend-cct:3.0.0] AndroidManifest.xml:31:13-37
273            <meta-data
273-->[com.google.android.datatransport:transport-backend-cct:3.0.0] AndroidManifest.xml:32:13-34:39
274                android:name="backend:com.google.android.datatransport.cct.CctBackendFactory"
274-->[com.google.android.datatransport:transport-backend-cct:3.0.0] AndroidManifest.xml:33:17-94
275                android:value="cct" />
275-->[com.google.android.datatransport:transport-backend-cct:3.0.0] AndroidManifest.xml:34:17-36
276        </service>
277        <service
277-->[com.google.android.datatransport:transport-runtime:3.0.0] AndroidManifest.xml:26:9-30:19
278            android:name="com.google.android.datatransport.runtime.scheduling.jobscheduling.JobInfoSchedulerService"
278-->[com.google.android.datatransport:transport-runtime:3.0.0] AndroidManifest.xml:27:13-117
279            android:exported="false"
279-->[com.google.android.datatransport:transport-runtime:3.0.0] AndroidManifest.xml:28:13-37
280            android:permission="android.permission.BIND_JOB_SERVICE" >
280-->[com.google.android.datatransport:transport-runtime:3.0.0] AndroidManifest.xml:29:13-69
281        </service>
282
283        <receiver
283-->[com.google.android.datatransport:transport-runtime:3.0.0] AndroidManifest.xml:32:9-34:40
284            android:name="com.google.android.datatransport.runtime.scheduling.jobscheduling.AlarmManagerSchedulerBroadcastReceiver"
284-->[com.google.android.datatransport:transport-runtime:3.0.0] AndroidManifest.xml:33:13-132
285            android:exported="false" />